        -:    0:Source:hash_table_iterator_tests.c
        -:    0:Graph:ht_it_tests-hash_table_iterator_tests.gcno
        -:    0:Data:ht_it_tests-hash_table_iterator_tests.gcda
        -:    0:Runs:4
        -:    1:#include <CUnit/Basic.h>
        -:    2:#include "hash_table.h"
        -:    3:#include "hash_table_iterator.h"
        -:    4:#include "common.h"
        -:    5:
        4:    6:int init_suite(void) {
        -:    7:  // Change this function if you want to do something *before* you
        -:    8:  // run a test suite
        4:    9:  return 0;
        -:   10:}
        -:   11:
        4:   12:int clean_suite(void) {
        -:   13:  // Change this function if you want to do something *after* you
        -:   14:  // run a test suite
        4:   15:  return 0;
        -:   16:}
        -:   17:
        -:   18:
       40:   19:static size_t ioopm_string_knr_hash(elem_t key)
        -:   20:{
       40:   21:  const char *str = key.s;
       40:   22:  size_t result = 0;
      144:   23:  while (*str != '\0')
        -:   24:  {
      104:   25:    result = result * 31 + ((unsigned char) *str);
      104:   26:    str++;
        -:   27:  }
       40:   28:  return result;
        -:   29:}
        -:   30:
       12:   31:static bool string_compare(elem_t str1, elem_t str2){
       12:   32:  const char *string1 = str1.s;
       12:   33:  const char *string2 = str2.s;
        -:   34:
       12:   35:  return strcmp(string1, string2) == 0;
        -:   36:}
        -:   37:
        -:   38:
        4:   39:void test_iterating_empty(void) {
        4:   40:  ioopm_hash_table_t *ht = ioopm_hash_table_create(ioopm_string_knr_hash, string_compare);
        4:   41:  ioopm_hash_table_iterator_t *it = ioopm_hash_table_iterator_create(ht);
        4:   42:  CU_ASSERT_TRUE(ioopm_hash_table_iterator_at_end(it));
        4:   43:  ioopm_hash_table_iterator_destroy(it);
        4:   44:  ioopm_hash_table_destroy(ht);
        4:   45:}
        -:   46:
        4:   47:void test_iterating_singleton(void) {
        4:   48:  ioopm_hash_table_t *ht = ioopm_hash_table_create(ioopm_string_knr_hash, string_compare);
        -:   49:
        4:   50:  elem_t key = string_elem("A*");
        4:   51:  elem_t value = int_elem(123);
        4:   52:  ioopm_hash_table_insert(ht, key, value);
        -:   53:
        4:   54:  ioopm_hash_table_iterator_t *it = ioopm_hash_table_iterator_create(ht);
        -:   55:
        4:   56:  elem_t result = ioopm_hash_table_iterator_current_value(it);
        4:   57:  CU_ASSERT_EQUAL(result.i, 123);
        -:   58:
        4:   59:  CU_ASSERT_FALSE(ioopm_hash_table_iterator_at_end(it));
        4:   60:  CU_ASSERT_EQUAL(ioopm_hash_table_iterator_current_value(it).i, value.i);
        -:   61:
        4:   62:  ioopm_hash_table_iterator_advance(it);
        4:   63:  CU_ASSERT_TRUE(ioopm_hash_table_iterator_at_end(it));
        -:   64:
        4:   65:  ioopm_hash_table_iterator_destroy(it);
        4:   66:  ioopm_hash_table_destroy(ht);
        4:   67:}
        -:   68:
        4:   69:void test_iterator_several_entries(void) {
        4:   70:  char *keys[3] = {"abc", "qwe", "asd"};
        4:   71:  int values[3] = {0, 1, 2};
        -:   72:
        4:   73:  ioopm_hash_table_t *ht = ioopm_hash_table_create(ioopm_string_knr_hash, string_compare);
       16:   74:  for (int i = 0; i != 3; ++i) {
       12:   75:      elem_t key = string_elem(keys[i]);
       12:   76:      elem_t value = int_elem(values[i]);
       12:   77:      ioopm_hash_table_insert(ht, key, value);
        -:   78:  }
        -:   79:
        4:   80:  int iteration_count = 0;
        4:   81:  ioopm_hash_table_iterator_t *it = ioopm_hash_table_iterator_create(ht);
       16:   82:  while (!ioopm_hash_table_iterator_at_end(it)) {
       12:   83:      iteration_count++;
       12:   84:      ioopm_hash_table_iterator_advance(it);
        -:   85:  }
        -:   86:
        4:   87:  ioopm_hash_table_iterator_destroy(it);
        4:   88:  ioopm_hash_table_destroy(ht);
        4:   89:  CU_ASSERT_EQUAL(iteration_count, 3);
        4:   90:}
        -:   91:
        4:   92:void test_iterator_several_unique(void) {
        4:   93:  char *keys[3] = {"abc", "qwe", "asd"};
        4:   94:  int values[3] = {0, 1, 2};
        4:   95:  bool visited[3] = {false, false, false};
        -:   96:
        4:   97:  ioopm_hash_table_t *ht = ioopm_hash_table_create(ioopm_string_knr_hash, string_compare);
       16:   98:  for (int i = 0; i != 3; i++) {
       12:   99:      elem_t key = string_elem(keys[i]);
       12:  100:      elem_t value = int_elem(values[i]);
       12:  101:      ioopm_hash_table_insert(ht, key, value);
        -:  102:  }
        -:  103:
        4:  104:  ioopm_hash_table_iterator_t *it = ioopm_hash_table_iterator_create(ht);
        -:  105:
       16:  106:  while (!ioopm_hash_table_iterator_at_end(it)) {
       12:  107:      elem_t current_value = ioopm_hash_table_iterator_current_value(it);
       12:  108:      elem_t current_key = ioopm_hash_table_iterator_current_key(it);
        -:  109:
       48:  110:      for (int i = 0; i < 3; i++) {
       36:  111:          if (strcmp(current_key.s, keys[i]) == 0 &&
       12:  112:              current_value.i == values[i])
        -:  113:          {
       12:  114:              CU_ASSERT_FALSE(visited[i]);
       12:  115:              visited[i] = true;
        -:  116:          }
        -:  117:      }
       12:  118:      ioopm_hash_table_iterator_advance(it);
        -:  119:  }
        -:  120:
       16:  121:  for (int i = 0; i < 3; i++) {
       12:  122:      CU_ASSERT_TRUE(visited[i]);
        -:  123:  }
        4:  124:  ioopm_hash_table_iterator_destroy(it);
        4:  125:  ioopm_hash_table_destroy(ht);
        4:  126:}
        -:  127:
        4:  128:void test_iterator_several_unique_same_bucket(void) {
        4:  129:  char *keys[3] = {"A*", "B-", "C0"};
        4:  130:  int values[3] = {0, 1, 2};
        4:  131:  bool visited[3] = {false, false, false};
        -:  132:
        4:  133:  ioopm_hash_table_t *ht = ioopm_hash_table_create(ioopm_string_knr_hash, string_compare);
       16:  134:  for (int i = 0; i != 3; ++i) {
       12:  135:      elem_t key = string_elem(keys[i]);
       12:  136:      elem_t value = int_elem(values[i]);
       12:  137:      ioopm_hash_table_insert(ht, key, value);
        -:  138:  }
        -:  139:
        4:  140:  int iteration_count = 0;
        4:  141:  ioopm_hash_table_iterator_t *it = ioopm_hash_table_iterator_create(ht);
       16:  142:  while (!ioopm_hash_table_iterator_at_end(it)) {
       12:  143:      elem_t current_value = ioopm_hash_table_iterator_current_value(it);
       48:  144:      for (int i = 0; i < 3; i++) {
       36:  145:          if (current_value.i == values[i]) {
       12:  146:              if (!visited[i]) {
       12:  147:                  visited[i] = true;
        -:  148:              } else {
    #####:  149:                  CU_ASSERT(0);   /* dublett – ska inte hända */
        -:  150:              }
        -:  151:          }
        -:  152:      }
       12:  153:      ioopm_hash_table_iterator_advance(it);
       12:  154:      iteration_count++;
        -:  155:  }
        -:  156:
        4:  157:  ioopm_hash_table_iterator_destroy(it);
        4:  158:  ioopm_hash_table_destroy(ht);
        4:  159:  CU_ASSERT_EQUAL(iteration_count, 3);
        4:  160:}
        -:  161:
        4:  162:int main() {
        -:  163:  // First we try to set up CUnit, and exit if we fail
        4:  164:  if (CU_initialize_registry() != CUE_SUCCESS)
    #####:  165:    return CU_get_error();
        -:  166:
        -:  167:  // We then create an empty test suite and specify the name and
        -:  168:  // the init and cleanup functions
        4:  169:  CU_pSuite my_test_suite = CU_add_suite("My awesome test suite", init_suite, clean_suite);
        4:  170:  if (my_test_suite == NULL) {
        -:  171:      // If the test suite could not be added, tear down CUnit and exit
    #####:  172:      CU_cleanup_registry();
    #####:  173:      return CU_get_error();
        -:  174:  }
        -:  175:
        -:  176:  // This is where we add the test functions to our test suite.
        -:  177:  // For each call to CU_add_test we specify the test suite, the
        -:  178:  // name or description of the test, and the function that runs
        -:  179:  // the test in question. If you want to add another test, just
        -:  180:  // copy a line below and change the information'
        -:  181:  // || CU_add_test(my_test_suite, "test fresh entry", test_fresh_key) == NULL
        4:  182:  if ( CU_add_test(my_test_suite, "iterating over empty ht", test_iterating_empty) == NULL
        4:  183:   ||  CU_add_test(my_test_suite, "iterating over singleton ht", test_iterating_singleton) == NULL
        4:  184:   ||  CU_add_test(my_test_suite, "iterating over ht with several entries", test_iterator_several_entries) == NULL
        4:  185:   || CU_add_test(my_test_suite, "iterating over ht with several entries and checking if theyre unique", test_iterator_several_unique) == NULL
        4:  186:   || CU_add_test(my_test_suite, "iterating over ht with several entries in same bucket and checking if theyre unique", test_iterator_several_unique_same_bucket) == NULL)
        -:  187:    {
        -:  188:      // If adding any of the tests fails, we tear down CUnit and exit
    #####:  189:      CU_cleanup_registry();
    #####:  190:      return CU_get_error();
        -:  191:    }
        -:  192:
        -:  193:  // Set the running mode. Use CU_BRM_VERBOSE for maximum output.
        -:  194:  // Use CU_BRM_NORMAL to only print errors and a summary
        4:  195:  CU_basic_set_mode(CU_BRM_NORMAL);
        -:  196:  
        -:  197:  // This is where the tests are actually run!
        4:  198:  CU_basic_run_tests();
        -:  199:
        -:  200:  // Tear down CUnit before exiting
        4:  201:  CU_cleanup_registry();
        4:  202:  return CU_get_error();
        -:  203:}
