        -:    0:Source:hash_table_tests.c
        -:    0:Graph:ht_tests-hash_table_tests.gcno
        -:    0:Data:ht_tests-hash_table_tests.gcda
        -:    0:Runs:4
        -:    1:#include <CUnit/Basic.h>
        -:    2:#include "hash_table.h"
        -:    3:#include "hash_table_iterator.h"
        -:    4:#include "common.h"
        -:    5:
        4:    6:int init_suite(void) {
        -:    7:  // Change this function if you want to do something *before* you
        -:    8:  // run a test suite
        4:    9:  return 0;
        -:   10:}
        -:   11:
        4:   12:int clean_suite(void) {
        -:   13:  // Change this function if you want to do something *after* you
        -:   14:  // run a test suite
        4:   15:  return 0;
        -:   16:}
        -:   17:
      236:   18:static size_t ioopm_string_knr_hash(elem_t key)
        -:   19:{
      236:   20:  const char *str = key.s;
      236:   21:  size_t result = 0;
      748:   22:  while (*str != '\0')
        -:   23:  {
      512:   24:    result = result * 31 + ((unsigned char) *str);
      512:   25:    str++;
        -:   26:  }
      236:   27:  return result;
        -:   28:}
        -:   29:
      168:   30:static bool string_compare(elem_t str1, elem_t str2){
      168:   31:  const char *string1 = str1.s;
      168:   32:  const char *string2 = str2.s;
        -:   33:
      168:   34:  return strcmp(string1, string2) == 0;
        -:   35:}
        -:   36:
        4:   37:void test_create_destroy()
        -:   38:{
        4:   39:   ioopm_hash_table_t *ht = ioopm_hash_table_create(ioopm_string_knr_hash, string_compare);
        -:   40:
        4:   41:   CU_ASSERT_PTR_NOT_NULL(ht);
        4:   42:   ioopm_hash_table_destroy(ht);
        4:   43:}
        -:   44:
        4:   45:void test_update_key() // från instruktionerna
        -:   46:{
        -:   47:  // create new hash table
        4:   48:  ioopm_hash_table_t *ht = ioopm_hash_table_create(ioopm_string_knr_hash, string_compare);
        -:   49:
        -:   50:  elem_t key;
        4:   51:  key.s = "abc";
        4:   52:  elem_t value = int_elem(123);
        4:   53:  elem_t value2 = int_elem(456);
        -:   54:  // check that key is not in ht
        4:   55:  elem_t result = int_elem(0);
        -:   56:  
        4:   57:  CU_ASSERT_FALSE(ioopm_hash_table_lookup(ht, key, &result));
        4:   58:  CU_ASSERT_EQUAL(result.i, 0);
        -:   59:
        -:   60:  // insert key-value pair and check that the mapping exists
        4:   61:  ioopm_hash_table_insert(ht, key, value);
        4:   62:  CU_ASSERT_TRUE(ioopm_hash_table_lookup(ht, key, &result));
        4:   63:  CU_ASSERT_EQUAL(result.i, value.i);
        -:   64:
        -:   65:
        -:   66:  // insert key med nytt värde
        4:   67:  ioopm_hash_table_insert(ht, key, value2);
        4:   68:  CU_ASSERT_TRUE(ioopm_hash_table_lookup(ht, key, &result));
        4:   69:  CU_ASSERT_EQUAL(result.i, value2.i);
        -:   70:
        -:   71:
        -:   72:  // destroy hash table
        4:   73:  ioopm_hash_table_destroy(ht);
        4:   74:}
        -:   75:
        4:   76:void test_insert_once() // från instruktionerna
        -:   77:{
        -:   78:  // create new hash table
        4:   79:  ioopm_hash_table_t *ht = ioopm_hash_table_create(ioopm_string_knr_hash, string_compare);
        -:   80:
        -:   81:
        -:   82:  elem_t key;
        4:   83:  key.s = "abc";
        4:   84:  elem_t value = int_elem(123);
        -:   85:
        -:   86:  // check that key is not in ht
        4:   87:  elem_t result = int_elem(0);
        4:   88:  CU_ASSERT_FALSE(ioopm_hash_table_lookup(ht, key, &result));
        4:   89:  CU_ASSERT_EQUAL(result.i, 0);
        -:   90:
        -:   91:  // insert key-value pair and check that the mapping exists
        4:   92:  ioopm_hash_table_insert(ht, key, value);
        4:   93:  CU_ASSERT_TRUE(ioopm_hash_table_lookup(ht, key, &result));
        4:   94:  CU_ASSERT_EQUAL(result.i, value.i);
        -:   95:
        -:   96:  // destroy hash table
        4:   97:  ioopm_hash_table_destroy(ht);
        4:   98:}
        -:   99:
        -:  100:// This test case was written with assistance from ChatGPT.
        4:  101:void test_remove_existing_key()
        -:  102:{
        4:  103:    ioopm_hash_table_t *ht = ioopm_hash_table_create(ioopm_string_knr_hash, string_compare);
        -:  104:
        -:  105:
        -:  106:    elem_t key;
        4:  107:    key.s = "abc";
        4:  108:    elem_t value = int_elem(123);
        4:  109:    elem_t result = int_elem(0);
        -:  110:
        4:  111:    ioopm_hash_table_insert(ht, key, value);
        -:  112:
        -:  113:    // Remove the key
        4:  114:    CU_ASSERT_TRUE(ioopm_hash_table_remove(ht, key, &result));
        -:  115:
        -:  116:    // Check that the removed value was returned
        4:  117:    CU_ASSERT_EQUAL(result.i, value.i);
        -:  118:
        -:  119:    // Check that the key is no longer in the table
        4:  120:    CU_ASSERT_FALSE(ioopm_hash_table_lookup(ht, key, &result));
        -:  121:
        4:  122:    ioopm_hash_table_destroy(ht);
        4:  123:}
        -:  124:
        -:  125:// This test case was written with assistance from ChatGPT.
        4:  126:void test_remove_nonexisting_key()
        -:  127:{
        4:  128:    ioopm_hash_table_t *ht = ioopm_hash_table_create(ioopm_string_knr_hash, string_compare);
        -:  129:
        -:  130:
        -:  131:    elem_t key;
        4:  132:    key.s = "A*";
        4:  133:    elem_t result = int_elem(999);
        -:  134:
        -:  135:    // Nothing has been inserted, so removal should fail
        4:  136:    CU_ASSERT_FALSE(ioopm_hash_table_remove(ht, key, &result));
        -:  137:
        -:  138:    // The result should not have been changed
        4:  139:    CU_ASSERT_EQUAL(result.i, int_elem(999).i);
        -:  140:
        4:  141:    ioopm_hash_table_destroy(ht);
        4:  142:}
        -:  143:
        -:  144:// This test case was written with assistance from ChatGPT.
        4:  145:void test_remove_only_key()
        -:  146:{
        4:  147:    ioopm_hash_table_t *ht = ioopm_hash_table_create(ioopm_string_knr_hash, string_compare);
        -:  148:
        -:  149:
        -:  150:    elem_t key;
        4:  151:    key.s = "abc";
        4:  152:    elem_t value = int_elem(123);
        4:  153:    elem_t result = int_elem(0);
        -:  154:
        4:  155:    ioopm_hash_table_insert(ht, key, value);
        -:  156:
        4:  157:    CU_ASSERT_TRUE(ioopm_hash_table_remove(ht, key, &result));
        4:  158:    CU_ASSERT_EQUAL(result.i, value.i);
        -:  159:
        -:  160:    // The table should now behave as if the key was never inserted
        4:  161:    CU_ASSERT_FALSE(ioopm_hash_table_lookup(ht, key, &result));
        -:  162:
        -:  163:    // Removing it again should fail
        4:  164:    CU_ASSERT_FALSE(ioopm_hash_table_remove(ht, key, &result));
        -:  165:
        4:  166:    ioopm_hash_table_destroy(ht);
        4:  167:}
        -:  168:
        -:  169:// This test case was written with assistance from ChatGPT.
        4:  170:void test_remove_from_collision_chain()
        -:  171:{
        4:  172:    ioopm_hash_table_t *ht = ioopm_hash_table_create(ioopm_string_knr_hash, string_compare);
        -:  173:
        -:  174:
        -:  175:    /*
        -:  176:     * We need keys that hash to the same bucket.
        -:  177:     * These values can be replaced with known colliding keys
        -:  178:     * if your assignment provides them.
        -:  179:     *
        -:  180:     * For now, find two/three keys that collide with your hash
        -:  181:     * function.
        -:  182:     */
        -:  183:
        -:  184:     elem_t key1;
        4:  185:     key1.s = "A*";    
        -:  186:     elem_t key2;
        4:  187:     key2.s = "B-";
        -:  188:
        4:  189:    elem_t value1 = int_elem(100);
        4:  190:    elem_t value2 = int_elem(200);
        4:  191:    elem_t result = int_elem(0);
        -:  192:
        4:  193:    ioopm_hash_table_insert(ht, key1, value1);
        4:  194:    ioopm_hash_table_insert(ht, key2, value2);
        -:  195:
        -:  196:    /*
        -:  197:     * Remove key1 and make sure key2 is still there.
        -:  198:     *
        -:  199:     * This specifically tests that:
        -:  200:     *
        -:  201:     * previous->next = current->next;
        -:  202:     *
        -:  203:     * correctly reconnects the linked list.
        -:  204:     */
        4:  205:    CU_ASSERT_TRUE(ioopm_hash_table_remove(ht, key1, &result));
        4:  206:    CU_ASSERT_EQUAL(result.i, value1.i);
        -:  207:
        4:  208:    CU_ASSERT_TRUE(ioopm_hash_table_lookup(ht, key2, &result));
        4:  209:    CU_ASSERT_EQUAL(result.i, value2.i);
        -:  210:
        4:  211:    CU_ASSERT_FALSE(ioopm_hash_table_lookup(ht, key1, &result));
        -:  212:
        4:  213:    ioopm_hash_table_destroy(ht);
        4:  214:}
        -:  215:
        -:  216:// This test case was written with assistance from ChatGPT.
        4:  217:void test_remove_last_entry_in_collision_chain()
        -:  218:{
        4:  219:    ioopm_hash_table_t *ht = ioopm_hash_table_create(ioopm_string_knr_hash, string_compare);
        -:  220:
        -:  221:
        4:  222:    elem_t key1 = string_elem("A*");
        4:  223:    elem_t key2 = string_elem("B-");  
        -:  224:
        4:  225:    elem_t value1 = int_elem(100);
        4:  226:    elem_t value2 = int_elem(200);
        4:  227:    elem_t result = int_elem(0);
        -:  228:
        4:  229:    ioopm_hash_table_insert(ht, key1, value1);
        4:  230:    ioopm_hash_table_insert(ht, key2, value2);
        -:  231:
        -:  232:    // Remove the second/last entry
        4:  233:    CU_ASSERT_TRUE(ioopm_hash_table_remove(ht, key2, &result));
        4:  234:    CU_ASSERT_EQUAL(result.i, value2.i);
        -:  235:
        -:  236:    // key1 should still exist
        4:  237:    CU_ASSERT_TRUE(ioopm_hash_table_lookup(ht, key1, &result));
        4:  238:    CU_ASSERT_EQUAL(result.i, value1.i);
        -:  239:
        -:  240:    // key2 should be gone
        4:  241:    CU_ASSERT_FALSE(ioopm_hash_table_lookup(ht, key2, &result));
        -:  242:
        4:  243:    ioopm_hash_table_destroy(ht);
        4:  244:}
        -:  245:
        -:  246:// 1. Tom tabell ska inte ha nyckeln k
        -:  247://Gjorda av deepseek
        4:  248:static void test_has_key_empty(void) {
        4:  249:  ioopm_hash_table_t *ht = ioopm_hash_table_create(ioopm_string_knr_hash, string_compare);
        -:  250:
        -:  251:
        4:  252:  CU_ASSERT_FALSE(ioopm_hash_table_has_key(ht, string_elem("A*")));
        -:  253:
        4:  254:  ioopm_hash_table_destroy(ht);
        4:  255:}
        -:  256:// 2. Efter insert av k ska k finnas, men inte k2
        -:  257://Gjorda av deepseek
        4:  258:static void test_has_key_single(void) {
        4:  259:  ioopm_hash_table_t *ht = ioopm_hash_table_create(ioopm_string_knr_hash, string_compare);
        -:  260:
        4:  261:  ioopm_hash_table_insert(ht, string_elem("k"), int_elem(1));
        4:  262:  CU_ASSERT_TRUE(ioopm_hash_table_has_key(ht, string_elem("k")));
        4:  263:  CU_ASSERT_FALSE(ioopm_hash_table_has_key(ht, string_elem("B-")));
        -:  264:
        4:  265:  ioopm_hash_table_destroy(ht);
        4:  266:}
        -:  267:
        -:  268:// 3. Efter insert av k1, k2, k3 ska alla finnas, men inte k4
        -:  269://Gjorda av deepseek
        4:  270:static void test_has_key_multiple(void) {
        4:  271:  ioopm_hash_table_t *ht = ioopm_hash_table_create(ioopm_string_knr_hash, string_compare);
        -:  272:
        4:  273:  ioopm_hash_table_insert(ht, string_elem("A*"), int_elem(1));
        4:  274:  ioopm_hash_table_insert(ht, string_elem("B-"), int_elem(2));
        4:  275:  ioopm_hash_table_insert(ht, string_elem("C0"), int_elem(3));
        -:  276:
        4:  277:  CU_ASSERT_TRUE(ioopm_hash_table_has_key(ht, string_elem("A*")));
        4:  278:  CU_ASSERT_TRUE(ioopm_hash_table_has_key(ht, string_elem("B-")));
        4:  279:  CU_ASSERT_TRUE(ioopm_hash_table_has_key(ht, string_elem("C0")));
        4:  280:  CU_ASSERT_FALSE(ioopm_hash_table_has_key(ht, string_elem("HEJ")));
        -:  281:
        4:  282:  ioopm_hash_table_destroy(ht);
        4:  283:}
        -:  284:
        -:  285:// 4. Insert + remove av k => k ska inte finnas
        -:  286://Gjorda av deepseek
        4:  287:static void test_remove_single(void) {
        4:  288:  ioopm_hash_table_t *ht = ioopm_hash_table_create(ioopm_string_knr_hash, string_compare);
        -:  289:
        4:  290:  elem_t result = int_elem(0);
        4:  291:  ioopm_hash_table_insert(ht, string_elem("k"), int_elem(42));
        4:  292:  CU_ASSERT_TRUE(ioopm_hash_table_remove(ht, string_elem("k"), &result));
        4:  293:  CU_ASSERT_EQUAL(result.i, 42);
        4:  294:  CU_ASSERT_FALSE(ioopm_hash_table_has_key(ht, string_elem("k")));
        -:  295:
        4:  296:  ioopm_hash_table_destroy(ht);
        4:  297:}
        -:  298:
        -:  299:// 5. Insert k1,k2,k3, remove k2 => k1,k3 finns, k2 inte
        -:  300://Gjorda av deepseek
        4:  301:static void test_remove_middle(void) {
        4:  302:  ioopm_hash_table_t *ht = ioopm_hash_table_create(ioopm_string_knr_hash, string_compare);
        -:  303:
        4:  304:  elem_t result = int_elem(0);
        4:  305:  ioopm_hash_table_insert(ht, string_elem("A*"), int_elem(1));
        4:  306:  ioopm_hash_table_insert(ht, string_elem("B-"), int_elem(2));
        4:  307:  ioopm_hash_table_insert(ht, string_elem("C0"), int_elem(3));
        -:  308:
        4:  309:  CU_ASSERT_TRUE(ioopm_hash_table_remove(ht, string_elem("B-"), &result));
        4:  310:  CU_ASSERT_EQUAL(result.i, 2);
        -:  311:
        4:  312:  CU_ASSERT_TRUE(ioopm_hash_table_has_key(ht, string_elem("A*")));
        4:  313:  CU_ASSERT_TRUE(ioopm_hash_table_has_key(ht, string_elem("C0")));
        4:  314:  CU_ASSERT_FALSE(ioopm_hash_table_has_key(ht, string_elem("B-")));
        -:  315:
        4:  316:  ioopm_hash_table_destroy(ht);
        4:  317:}
        -:  318:
        -:  319:// size of an empty hash table
        -:  320:// gjort av deepseek
        4:  321:static void test_size_empty(void) {
        4:  322:  ioopm_hash_table_t *ht = ioopm_hash_table_create(ioopm_string_knr_hash, string_compare);
        -:  323:
        4:  324:  CU_ASSERT_EQUAL(ioopm_hash_table_size(ht), 0);
        -:  325:
        4:  326:  ioopm_hash_table_destroy(ht);
        4:  327:}
        -:  328:
        -:  329:// size of a singleton hash table
        -:  330:// gjort av deepseek
        4:  331:static void test_size_singleton(void) {
        4:  332:  ioopm_hash_table_t *ht = ioopm_hash_table_create(ioopm_string_knr_hash, string_compare);
        -:  333:
        4:  334:  ioopm_hash_table_insert(ht, string_elem("k"), int_elem(1));
        4:  335:  CU_ASSERT_EQUAL(ioopm_hash_table_size(ht), 1);
        -:  336:
        4:  337:  ioopm_hash_table_destroy(ht);
        4:  338:}
        -:  339:
        -:  340:// size of a larger hash table
        -:  341:// gjort av deepseek
        4:  342:static void test_size_larger(void) {
        4:  343:  ioopm_hash_table_t *ht = ioopm_hash_table_create(ioopm_string_knr_hash, string_compare);
        -:  344:
        4:  345:  ioopm_hash_table_insert(ht, string_elem("k1"), int_elem(1));
        4:  346:  ioopm_hash_table_insert(ht, string_elem("k2"), int_elem(2));
        4:  347:  ioopm_hash_table_insert(ht, string_elem("k3"), int_elem(3));
        4:  348:  ioopm_hash_table_insert(ht, string_elem("k4"), int_elem(4));
        4:  349:  ioopm_hash_table_insert(ht, string_elem("k5"), int_elem(5));
        4:  350:  CU_ASSERT_EQUAL(ioopm_hash_table_size(ht), 5);
        -:  351:  
        4:  352:  ioopm_hash_table_destroy(ht);
        4:  353:}
        -:  354:
        -:  355:// size after removing an element
        -:  356:// gjort av deepseek
        4:  357:static void test_size_after_remove(void) {
        4:  358:  ioopm_hash_table_t *ht = ioopm_hash_table_create(ioopm_string_knr_hash, string_compare);
        -:  359:
        4:  360:  elem_t result = int_elem(0);
        -:  361:  
        4:  362:  ioopm_hash_table_insert(ht, string_elem("A*"), int_elem(1));
        4:  363:  ioopm_hash_table_insert(ht, string_elem("B-"), int_elem(2));
        4:  364:  ioopm_hash_table_insert(ht, string_elem("C0"), int_elem(3));
        4:  365:  CU_ASSERT_EQUAL(ioopm_hash_table_size(ht), 3);
        -:  366:
        4:  367:  CU_ASSERT_TRUE(ioopm_hash_table_remove(ht, string_elem("A*"), &result));
        4:  368:  CU_ASSERT_EQUAL(ioopm_hash_table_size(ht), 2);
        -:  369:
        4:  370:  CU_ASSERT_TRUE(ioopm_hash_table_remove(ht, string_elem("B-"), &result));
        4:  371:  CU_ASSERT_EQUAL(ioopm_hash_table_size(ht), 1);
        -:  372:
        4:  373:  CU_ASSERT_TRUE(ioopm_hash_table_remove(ht, string_elem("C0"), &result));
        4:  374:  CU_ASSERT_EQUAL(ioopm_hash_table_size(ht), 0);
        -:  375:
        4:  376:  ioopm_hash_table_destroy(ht);
        4:  377:}
        -:  378:
        -:  379:
        4:  380:int main() {
        -:  381:  // First we try to set up CUnit, and exit if we fail
        4:  382:  if (CU_initialize_registry() != CUE_SUCCESS)
    #####:  383:    return CU_get_error();
        -:  384:
        -:  385:  // We then create an empty test suite and specify the name and
        -:  386:  // the init and cleanup functions
        4:  387:  CU_pSuite my_test_suite = CU_add_suite("My awesome test suite", init_suite, clean_suite);
        4:  388:  if (my_test_suite == NULL) {
        -:  389:      // If the test suite could not be added, tear down CUnit and exit
    #####:  390:      CU_cleanup_registry();
    #####:  391:      return CU_get_error();
        -:  392:  }
        -:  393:
        -:  394:  // This is where we add the test functions to our test suite.
        -:  395:  // For each call to CU_add_test we specify the test suite, the
        -:  396:  // name or description of the test, and the function that runs
        -:  397:  // the test in question. If you want to add another test, just
        -:  398:  // copy a line below and change the information'
        -:  399:  // || CU_add_test(my_test_suite, "test fresh entry", test_fresh_key) == NULL
        4:  400:  if ( CU_add_test(my_test_suite, "hashtable create / destroy", test_create_destroy) == NULL 
        4:  401:      || CU_add_test(my_test_suite, "hashtable insert / lookup / destroy", test_insert_once) == NULL
        4:  402:      || CU_add_test(my_test_suite, "insert same key twice with different values", test_update_key) == NULL
        4:  403:      || CU_add_test(my_test_suite, "remove existing key", test_remove_existing_key) == NULL
        4:  404:      || CU_add_test(my_test_suite, "remove nonexisting key", test_remove_nonexisting_key) == NULL
        4:  405:      || CU_add_test(my_test_suite, "remove only key", test_remove_only_key) == NULL
        4:  406:      || CU_add_test(my_test_suite, "remove from collision chain", test_remove_from_collision_chain) == NULL
        4:  407:      || CU_add_test(my_test_suite, "remove last entry in collision chain", test_remove_last_entry_in_collision_chain) == NULL
        4:  408:      || CU_add_test(my_test_suite, "tries to find key that does not exist", test_has_key_empty) == NULL
        4:  409:      || CU_add_test(my_test_suite, "Finds valid key, does not find invalid key", test_has_key_single) == NULL
        4:  410:      || CU_add_test(my_test_suite, "Finds mult valid keys, but not one invalid", test_has_key_multiple) == NULL
        4:  411:      || CU_add_test(my_test_suite, "Inserts key, then removes it", test_remove_single) == NULL
        4:  412:      || CU_add_test(my_test_suite, "Inserts keys, removes middle key", test_remove_middle) == NULL
        4:  413:      || CU_add_test(my_test_suite, "size of empty table", test_size_empty) == NULL
        4:  414:      || CU_add_test(my_test_suite, "size of singleton table", test_size_singleton) == NULL
        4:  415:      || CU_add_test(my_test_suite, "size of larger table", test_size_larger) == NULL
        4:  416:      || CU_add_test(my_test_suite, "size after removing element", test_size_after_remove) == NULL
        -:  417:  )
        -:  418:    {
        -:  419:      // If adding any of the tests fails, we tear down CUnit and exit
    #####:  420:      CU_cleanup_registry();
    #####:  421:      return CU_get_error();
        -:  422:    }
        -:  423:
        -:  424:  // Set the running mode. Use CU_BRM_VERBOSE for maximum output.
        -:  425:  // Use CU_BRM_NORMAL to only print errors and a summary
        4:  426:  CU_basic_set_mode(CU_BRM_NORMAL);
        -:  427:  
        -:  428:  // This is where the tests are actually run!
        4:  429:  CU_basic_run_tests();
        -:  430:
        -:  431:  // Tear down CUnit before exiting
        4:  432:  CU_cleanup_registry();
        4:  433:  return CU_get_error();
        -:  434:}
